<?xml version="1.0" encoding="UTF-8"?>
<!-- Generated by org.testng.reporters.JUnitReportReporter -->
<testsuite hostname="thunderdome" name="com.newregression.tests.VerifyTitleTest" tests="1" failures="0" timestamp="24 Nov 2015 16:58:18 GMT" time="2.561" errors="0">
  <testcase name="testGoogleTitle" time="2.561" classname="com.newregression.tests.VerifyTitleTest"/>
</testsuite> <!-- com.newregression.tests.VerifyTitleTest -->
