<?xml version="1.0" encoding="UTF-8"?>
<!-- Generated by org.testng.reporters.JUnitReportReporter -->
<testsuite hostname="thunderdome" name="com.newregression.AppTest" tests="1" failures="0" timestamp="24 Nov 2015 16:58:18 GMT" time="0.002" errors="0">
  <testcase name="testApp" time="0.002" classname="com.newregression.AppTest"/>
</testsuite> <!-- com.newregression.AppTest -->
