<?xml version="1.0" encoding="UTF-8"?>
<!-- Generated by org.testng.reporters.JUnitReportReporter -->
<testsuite hostname="thunderdome" name="com.wordpressTest.tests.OptionalParamExample" tests="3" failures="0" timestamp="28 Jan 2016 14:51:18 GMT" time="0.014" errors="0">
  <testcase name="testGoogleSearch" time="0.012" classname="com.wordpressTest.tests.OptionalParamExample"/>
  <testcase name="testOptionParamOne" time="0.001" classname="com.wordpressTest.tests.OptionalParamExample"/>
  <testcase name="testOptionParamTwo" time="0.001" classname="com.wordpressTest.tests.OptionalParamExample"/>
</testsuite> <!-- com.wordpressTest.tests.OptionalParamExample -->
