<?xml version="1.0" encoding="UTF-8"?>
<!-- Generated by org.testng.reporters.JUnitReportReporter -->
<testsuite hostname="thunderdome" name="com.wordpressTest.tests.regressionTests.YahooTest" tests="1" failures="0" timestamp="21 Jan 2016 16:51:59 GMT" time="4.004" errors="0">
  <testcase name="yahooSearch" time="4.004" classname="com.wordpressTest.tests.regressionTests.YahooTest"/>
</testsuite> <!-- com.com.com.wordpressTest.tests.regressionTests.YahooTest -->
