<?xml version="1.0" encoding="UTF-8"?>
<!-- Generated by org.testng.reporters.JUnitReportReporter -->
<testsuite hostname="thunderdome" name="com.wordpressTest.tests.regressionTests.YahooTest" tests="1" failures="0" timestamp="28 Jan 2016 14:51:18 GMT" time="1.480" errors="0">
  <testcase name="yahooSearch" time="1.480" classname="com.wordpressTest.tests.regressionTests.YahooTest"/>
</testsuite> <!-- com.wordpressTest.tests.regressionTests.YahooTest -->
