<?xml version="1.0" encoding="UTF-8"?>
<!-- Generated by org.testng.reporters.JUnitReportReporter -->
<testsuite hostname="thunderdome-2.local" name="com.wordpressTest.tests.blogwebsiteTests.AllPostTests" tests="2" failures="0" timestamp="22 Jan 2016 17:30:09 GMT" time="16.378" errors="0">
  <testcase name="Can_Create_A_Basic_Post" time="9.957" classname="com.wordpressTest.tests.blogwebsiteTests.AllPostTests"/>
  <testcase name="Can_Search_A_Post" time="6.421" classname="com.wordpressTest.tests.blogwebsiteTests.AllPostTests"/>
</testsuite> <!-- com.com.com.wordpressTest.tests.blogwebsiteTests.AllPostTests -->
